Turbo Assembler	 Version 4.1	    05/09/24 15:10:55	    Page 1
lab0.asm



      1	0000			     _STACK  segment para stack
      2	0000  0400*(??)			     db	     1024 dup(?)
      3	0400			     _STACK  ends
      4
      5
      6				     String  macro   VarName, VarValue
      7					     local   after
      8					     VarName db	     after-VarName-1
      9						     db	     VarValue
     10					     after   =	     $
     11				     endm
     12
     13	0000			     data    segment
     14
     15
     16	0000  05 71 77 65 72 74		     S1	 db 5,'qwert'
     17	0006  00 FF*(24)		     Res   db	   0, 255 dup('$')
     18
     19	0106  41			     Ch1     db	     'A'
     20	0107  03			     Len1    db	     3
     21
     22	0108  31			     Ch2     db	     '1'
     23	0109  09			     Len2    db	     9
     24
     25	010A  41			     Ch3     db	     'A'
     26	010B  07			     Len3    db	     7
     27
     28	010C			     data    ends
     29
     30	0000			     code    segment byte public
     31					     assume  cs:code, ds:data, ss:_STACK
     32
     33					     extrn   PadCh:far
     34
     35
     36
     37	0000			     main:
     38					     ;инициализация сегментного	регистра данных
     39	0000  B8 0000s			     mov     ax,     data
     40	0003  8E D8			     mov     ds,     ax
     41
     42	0005  1E			     push ds
     43	0006  B8 0006r			     mov ax, offset Res
     44	0009  50			     push ax
     45	000A  1E			     push ds
     46	000B  B8 0000r			     mov ax, offset S1
     47	000E  50			     push ax
     48	000F  A0 0106r			     mov al, Ch1
     49	0012  50			     push ax
     50	0013  A0 010Br			     mov al, [Len3]
     51	0016  50			     push ax
     52	0017  0E E8 0000e		     call PadCh
     53	001B  BA 0007r			     mov dx, offset Res+1
     54	001E  B4 09			     mov ah, 9
     55	0020  CD 21			     int 21h
     56
     57					     ;завершение программы
Turbo Assembler	 Version 4.1	    05/09/24 15:10:55	    Page 2
lab0.asm



     58	0022  B8 4C00			     mov     ax,     4C00h
     59	0025  CD 21			     int     21h
     60
     61	0027			     code    ends
     62
     63					     end     main
Turbo Assembler	 Version 4.1	    05/09/24 15:10:55	    Page 3
Symbol Table




Symbol Name			  Type	 Value

??DATE				  Text	 "05/09/24"
??FILENAME			  Text	 "lab0	  "
??TIME				  Text	 "15:10:55"
??VERSION			  Number 040A
@CPU				  Text	 0101H
@CURSEG				  Text	 CODE
@FILENAME			  Text	 LAB0
@WORDSIZE			  Text	 2
CH1				  Byte	 DATA:0106
CH2				  Byte	 DATA:0108
CH3				  Byte	 DATA:010A
LEN1				  Byte	 DATA:0107
LEN2				  Byte	 DATA:0109
LEN3				  Byte	 DATA:010B
MAIN				  Near	 CODE:0000
PADCH				  Far	 CODE:---- Extern
RES				  Byte	 DATA:0006
S1				  Byte	 DATA:0000

Macro Name

STRING

Groups & Segments		  Bit Size Align  Combine Class

CODE				  16  0027 Byte	  Public
DATA				  16  010C Para	  none
_STACK				  16  0400 Para	  Stack
