Turbo Assembler	 Version 4.1	    05/09/24 15:10:54	    Page 1
lowe.asm



      1	0000			     code    segment byte public
      2					     assume  cs:code,ds:nothing
      3					     public  PadCh
      4
      5
      6				     ;function PadCh(S:	string;	C: char; Len: byte): string,
      7				     ;Возвращает строку,  в которой S смещена вправо, а	    +
      8				     остаток строки заполнен символами С.
      9				     ;Для этого	знаки С включаются справа	от конца	S до	    +
     10				     тех пор  пока общая	длина строки	не
     11				     ;станет равной	Len. Если S	длиннее чем Len, то	строка не   +
     12				     изменяется.
     13				     ;Если S пустая строка, то возвращается строка из Len	    +
     14				     символов С.
     15	0000			     PadCh   proc    far
     16				     ; адреса параметров в стеке:
     17	      =	dword ptr [bp+10]    S	     equ     dword ptr [bp+10]	     ;	адрес строки	S:string
     18	      =	byte  ptr [bp+8]     Ch1     equ     byte  ptr [bp+8]	     ;	адрес параметра С :Char
     19	      =	byte  ptr [bp+6]     Len     equ     byte  ptr [bp+6]	     ;	адрес параметра Len:Byte
     20	      =	dword ptr [bp+14]    Res     equ     dword ptr [bp+14]	     ;	адрес строки	результата
     21	0000  55			     push    bp			     ; сохранение bp
     22	0001  8B EC			     mov     bp,     sp	     ; настройка bp на вершину стека
     23	0003  1E			     push    ds		     ; сохранение ds
     24	0004  C4 7E 0E			     les     di,     [Res]   ; es:di:=адрес результата
     25	0007  C5 76 0A			     lds     si,     [S]     ; ds:si:=адрес исходной
     26								     ; строки
     27	000A  32 ED			     xor ch, ch
     28	000C  FC			     cld		     ; очистка флага направления		    +
     29				     (инкремент)
     30	000D  AC			     lodsb		     ; al:=(ds:[si]), si:=si+1 (al - длина	S)
     31	000E  AA			     stosb
     32	000F  8A E0			     mov     ah,     al
     33	0011  3A 46 06			     cmp     al,     [Len]
     34	0014  73 12			     jae     StoreLen
     35	0016  8A 46 06			     mov     al,     [Len]
     36
     37	0019			      Pad:
     38	0019  8A C8			     mov     cl,     al
     39	001B  2A CC			     sub     cl,     ah	     ; S длиннее, чем	Len
     40				      ;вычисляем длину результата
     41	001D  02 C4			     add al, ah
     42	001F  26: 88 45	FF		     mov es: [di-1], al	       ; Дополняем строку
     43	0023  8A 46 08			     mov     al,     [Ch1]   ; добавляем очередной символ
     44	0026  F3> AA			     rep     stosb	     ; записать	очередной символ		    +
     45				     результата Res
     46
     47	0028			       StoreLen:
     48	0028  8A CC			     mov     cl,     ah	     ; количества символов строки S
     49
     50					     ;Копируем строку
     51	002A  F3> A4			     rep     movsb
     52
     53	002C  1F		     Exit:   pop     ds		     ; восстановить	ds
     54	002D  5D			     pop     bp		     ; восстановить	bp
     55	002E  CA 000C			     ret     12		     ; выход с удалением	параметров Ch1,
     56								     ; Ch2 и адреса S
     57	0031			     PadCh  endp
Turbo Assembler	 Version 4.1	    05/09/24 15:10:54	    Page 2
lowe.asm



     58	0031			     code   ends
     59					    end
Turbo Assembler	 Version 4.1	    05/09/24 15:10:54	    Page 3
Symbol Table




Symbol Name			  Type	 Value

??DATE				  Text	 "05/09/24"
??FILENAME			  Text	 "lowe	  "
??TIME				  Text	 "15:10:54"
??VERSION			  Number 040A
@CPU				  Text	 0101H
@CURSEG				  Text	 CODE
@FILENAME			  Text	 LOWE
@WORDSIZE			  Text	 2
CH1				  Text	 byte  ptr [bp+8]
EXIT				  Near	 CODE:002C
LEN				  Text	 byte  ptr [bp+6]
PAD				  Near	 CODE:0019
PADCH				  Far	 CODE:0000
RES				  Text	 dword ptr [bp+14]
S				  Text	 dword ptr [bp+10]
STORELEN			  Near	 CODE:0028

Groups & Segments		  Bit Size Align  Combine Class

CODE				  16  0031 Byte	  Public
