Turbo Assembler	 Version 4.1	    05/09/24 15:40:14	    Page 1
lab2.asm



      1	0000			     _STACK  segment para stack
      2	0000  0400*(??)			     db	     1024 dup(?)
      3	0400			     _STACK  ends
      4
      5
      6				     ;String  macro   VarName, VarValue
      7				      ;	      local   after
      8				      ;	      VarName db      after-VarName-1
      9				     ;		      db      VarValue
     10				      ;	      after   =	      $
     11				     ;endm
     12
     13	0000			     data    segment
     14
     15	0000  05 71 77 65 72 74		     S db 5, 'qwert'
     16	0006  00 FF*(24)		     Res   db	   0, 255 dup('$')
     17
     18	0106  41			     Ch1     db	     'A'
     19	0107  09			     Len1    db	     9
     20
     21	0108			     data    ends
     22
     23	0000			     code    segment byte public
     24					     assume  cs:code, ds:data, ss:_STACK
     25
     26					     extrn   PadCh:far
     27
     28	0000			     main:
     29					     ;инициализация сегментного	регистра данных
     30	0000  B8 0000s			     mov     ax,     data
     31	0003  8E D8			     mov     ds,     ax
     32
     33	0005  1E			     push ds
     34	0006  B8 0006r			     mov ax, offset Res
     35	0009  50			     push ax
     36	000A  1E			     push ds
     37	000B  B8 0000r			     mov ax, offset S
     38	000E  50			     push ax
     39	000F  A0 0106r			     mov al, Ch1
     40	0012  50			     push ax
     41	0013  A0 0107r			     mov al, [Len1]
     42	0016  50			     push ax
     43	0017  0E E8 0000e		     call PadCh
     44	001B  BA 0007r			     mov dx, offset Res+1
     45	001E  B4 09			     mov ah, 9
     46	0020  CD 21			     int 21h
     47
     48					     ;завершение программы
     49	0022  B8 4C00			     mov     ax,     4C00h
     50	0025  CD 21			     int     21h
     51
     52	0027			     code    ends
     53
     54					     end     main
Turbo Assembler	 Version 4.1	    05/09/24 15:40:14	    Page 2
Symbol Table




Symbol Name			  Type	 Value

??DATE				  Text	 "05/09/24"
??FILENAME			  Text	 "lab2	  "
??TIME				  Text	 "15:40:14"
??VERSION			  Number 040A
@CPU				  Text	 0101H
@CURSEG				  Text	 CODE
@FILENAME			  Text	 LAB2
@WORDSIZE			  Text	 2
CH1				  Byte	 DATA:0106
LEN1				  Byte	 DATA:0107
MAIN				  Near	 CODE:0000
PADCH				  Far	 CODE:---- Extern
RES				  Byte	 DATA:0006
S				  Byte	 DATA:0000

Groups & Segments		  Bit Size Align  Combine Class

CODE				  16  0027 Byte	  Public
DATA				  16  0108 Para	  none
_STACK				  16  0400 Para	  Stack
