Turbo Assembler	 Version 4.1	    05/10/24 12:09:34	    Page 1
lab2_p.asm



      1	0000			     code    segment byte public
      2					     assume  cs:code,ds:nothing
      3					     public  PadCh
      4
      5
      6				     ;function PadCh(S:	string;	C: char; Len: byte): string,
      7				     ;Возвращает строку,  в которой S смещена влево, а	    +
      8				     остаток строки заполнен символами С.
      9				     ;Для этого	знаки С включаются справа	от конца	S до	    +
     10				     тех пор  пока общая	длина строки	не
     11				     ;станет равной	Len. Если S	длиннее чем Len, то	строка не   +
     12				     изменяется.
     13				     ;Если S пустая строка, то возвращается строка из Len	    +
     14				     символов С.
     15	0000			     PadCh   proc    far
     16				     ; адреса параметров в стеке:
     17	      =	dword ptr [bp+10]    S	     equ     dword ptr [bp+10]	     ;	адрес строки	S:string
     18	      =	byte  ptr [bp+8]     Ch1     equ     byte  ptr [bp+8]	     ;	адрес параметра С :Char
     19	      =	byte  ptr [bp+6]     Len     equ     byte  ptr [bp+6]	     ;	адрес параметра Len:Byte
     20	      =	dword ptr [bp+14]    Res     equ     dword ptr [bp+14]	     ;	адрес строки	результата
     21	0000  55			     push    bp			     ; сохранение bp
     22	0001  8B EC			     mov     bp,     sp	     ; настройка bp на вершину стека
     23	0003  1E			     push    ds		     ; сохранение ds
     24	0004  C4 7E 0E			     les     di,     [Res]   ; es:di:=адрес результата
     25	0007  C5 76 0A			     lds     si,     [S]     ; ds:si:=адрес исходной
     26								     ; строки
     27	000A  FC			     cld		     ; очистка флага направления		    +
     28				     (инкремент)
     29	000B  AC			     lodsb		     ; al:=(ds:[si]), si:=si+1 (al - длина	S)
     30	000C  AA			     stosb		     ; копируем	длину строки	S в Res
     31	000D  8A E0			     mov     ah,     al	     ; сохраняем длину строки S
     32	000F  3A 46 06			     cmp     al,     [Len]   ; сравниваем длину S с Len
     33	0012  73 0B			     jae     StoreLen	     ; если	S >= Len, то копируем	S и выходим
     34
     35
     36	0014			      Pad:
     37
     38
     39	0014  8A 46 06			     mov al, [Len]
     40	0017  26: 88 45	FF		     mov es: [di-1], al	       ; Дополняем строку
     41	001B  8A CC			     mov cl, ah
     42	001D  F3> A4			     rep     movsb	     ; записать	очередной символ		    +
     43				     результата Res
     44	001F			     StoreLen:
     45	001F  8A 4E 06			     mov cl, [Len]
     46	0022  2A CC			     sub     cl,     ah	     ; S длиннее, чем	Len
     47
     48	0024  8A 46 08			     mov     al,     [Ch1]   ; добавляем очередной символ
     49					     ;Копируем строку
     50	0027  F3> AA			     rep     stosb
     51
     52
     53	0029  1F		     Exit:   pop     ds		     ; восстановить	ds
     54	002A  5D			     pop     bp		     ; восстановить	bp
     55	002B  CA 000C			     ret     12		     ; выход с удалением	параметров Ch1,
     56								     ; Ch2 и адреса S (Res удалять нельзя!)
     57	002E			     PadCh  endp
Turbo Assembler	 Version 4.1	    05/10/24 12:09:34	    Page 2
lab2_p.asm



     58	002E			     code   ends
     59					    end
Turbo Assembler	 Version 4.1	    05/10/24 12:09:34	    Page 3
Symbol Table




Symbol Name			  Type	 Value

??DATE				  Text	 "05/10/24"
??FILENAME			  Text	 "lab2_p  "
??TIME				  Text	 "12:09:34"
??VERSION			  Number 040A
@CPU				  Text	 0101H
@CURSEG				  Text	 CODE
@FILENAME			  Text	 LAB2_P
@WORDSIZE			  Text	 2
CH1				  Text	 byte  ptr [bp+8]
EXIT				  Near	 CODE:0029
LEN				  Text	 byte  ptr [bp+6]
PAD				  Near	 CODE:0014
PADCH				  Far	 CODE:0000
RES				  Text	 dword ptr [bp+14]
S				  Text	 dword ptr [bp+10]
STORELEN			  Near	 CODE:001F

Groups & Segments		  Bit Size Align  Combine Class

CODE				  16  002E Byte	  Public
