Turbo Assembler	 Version 4.1	    04/25/24 12:26:35	    Page 1
lowe.asm



      1	0000			     code    segment byte public
      2					     assume  cs:code,ds:nothing
      3					     public  PadCh
      4
      5
      6				     ;function PadCh(S:	string;	C: char; Len: byte): string,
      7				     ;Возвращает строку,  в которой S смещена влево, а	    +
      8				     остаток строки заполнен символами С.
      9				     ;Для этого	знаки С включаются справа	от конца	S до	    +
     10				     тех пор  пока общая	длина строки	не
     11				     ;станет равной	Len. Если S	длиннее чем Len, то	строка не   +
     12				     изменяется.
     13				     ;Если S пустая строка, то возвращается строка из Len	    +
     14				     символов С.
     15	0000			     PadCh   proc    far
     16				     ; адреса параметров в стеке:
     17	      =	dword ptr [bp+10]    S	     equ     dword ptr [bp+10]	     ;	адрес строки	S:string
     18	      =	byte  ptr [bp+8]     Ch1     equ     byte  ptr [bp+8]	     ;	адрес параметра С :Char
     19	      =	byte  ptr [bp+6]     Len     equ     byte  ptr [bp+6]	     ;	адрес параметра Len:Byte
     20	      =	dword ptr [bp+14]    Res     equ     dword ptr [bp+14]	     ;	адрес строки	результата
     21	0000  55			     push    bp			     ; сохранение bp
     22	0001  8B EC			     mov     bp,     sp	     ; настройка bp на вершину стека
     23	0003  1E			     push    ds		     ; сохранение ds
     24	0004  C4 7E 0E			     les     di,     [Res]   ; es:di:=адрес результата
     25	0007  C5 76 0A			     lds     si,     [S]     ; ds:si:=адрес исходной
     26								     ; строки
     27	000A  FC			     cld		     ; очистка флага направления		    +
     28				     (инкремент)
     29	000B  AC			     lodsb		     ; al:=(ds:[si]), si:=si+1 (al - длина	S)
     30	000C  8A E0			     mov     ah,     al
     31	000E  3A 46 06			     cmp     al,     [Len]
     32	0011  73 10			     jae     StoreLen
     33	0013  8A 46 06			     mov     al,     [Len]
     34
     35	0016			      Pad:
     36	0016  B5 00			     mov     ch,     0
     37	0018  8A C8			     mov     cl,     al
     38	001A  2A CC			     sub     cl,     ah	     ; S длиннее, чем	Len
     39	001C  76 0E			     jbe     Exit	     ; выход, если s -	меньше чем Len
     40
     41					     ; Дополняем строку
     42	001E  8A 46 08			     mov     al,     [Ch1]   ; добавляем очередной символ
     43	0021  F3> AA			     rep     stosb	     ; записать	очередной символ		    +
     44				     результата Res
     45	0023			     StoreLen:
     46	0023  AA			     stosb		     ; (es:[di]):=al, di:=di+1 (запись длины)
     47	0024  B5 00			     mov     ch,     0	     ; подготовка сх в качестве счетчика
     48	0026  8A CC			     mov     cl,     ah	     ; количества символов строки S
     49	0028  E3 EC			     jcxz    Pad	     ;если S - пустая	строка (сх=0), то	    +
     50				     заполнить	её символами
     51
     52					     ;Копируем строку
     53	002A  F3> A4			     rep     movsb
     54
     55
     56	002C  1F		     Exit:   pop     ds		     ; восстановить	ds
     57	002D  5D			     pop     bp		     ; восстановить	bp
Turbo Assembler	 Version 4.1	    04/25/24 12:26:35	    Page 2
lowe.asm



     58	002E  CA 0008			     ret     12-4	       ; выход с удалением параметров Ch1,
     59								     ; Ch2 и адреса S (Res удалять нельзя!)
     60	0031			     PadCh  endp
     61	0031			     code   ends
     62					    end
Turbo Assembler	 Version 4.1	    04/25/24 12:26:35	    Page 3
Symbol Table




Symbol Name			  Type	 Value

??DATE				  Text	 "04/25/24"
??FILENAME			  Text	 "lowe	  "
??TIME				  Text	 "12:26:35"
??VERSION			  Number 040A
@CPU				  Text	 0101H
@CURSEG				  Text	 CODE
@FILENAME			  Text	 LOWE
@WORDSIZE			  Text	 2
CH1				  Text	 byte  ptr [bp+8]
EXIT				  Near	 CODE:002C
LEN				  Text	 byte  ptr [bp+6]
PAD				  Near	 CODE:0016
PADCH				  Far	 CODE:0000
RES				  Text	 dword ptr [bp+14]
S				  Text	 dword ptr [bp+10]
STORELEN			  Near	 CODE:0023

Groups & Segments		  Bit Size Align  Combine Class

CODE				  16  0031 Byte	  Public
